\BOOKMARK [0][-]{chapter*.1}{List\040of\040Figures}{}% 1
\BOOKMARK [0][-]{chapter*.2}{List\040of\040Tables}{}% 2
\BOOKMARK [0][-]{chapter*.4}{Abstract}{}% 3
\BOOKMARK [0][-]{chapter*.5}{Introduction}{}% 4
\BOOKMARK [1][-]{section.0.1}{The\040Instructor's\040Problem\040and\040the\040Dual\040Role\040of\040Practice}{chapter*.5}% 5
\BOOKMARK [1][-]{section.0.2}{Mastery,\040Learning,\040and\040Practice\040Efficacy}{chapter*.5}% 6
\BOOKMARK [1][-]{section.0.3}{The\040Bayesian\040Knowledge\040Tracing\040Model}{chapter*.5}% 7
\BOOKMARK [1][-]{section.0.4}{Learner\040Engagement}{chapter*.5}% 8
\BOOKMARK [1][-]{section.0.5}{Overview\040of\040the\040Thesis}{chapter*.5}% 9
\BOOKMARK [0][-]{chapter.1}{Learning\040Through\040Practice}{}% 10
\BOOKMARK [1][-]{section.1.1}{Practice\040Efficacy\040and\040Learning\040Process}{chapter.1}% 11
\BOOKMARK [1][-]{section.1.2}{The\040Statistical\040Inference\040Model}{chapter.1}% 12
\BOOKMARK [1][-]{section.1.3}{Express\040Learning\040Theories\040with\040the\040LTP\040model}{chapter.1}% 13
\BOOKMARK [1][-]{section.1.4}{Adaptive\040Practice\040Recommendation}{chapter.1}% 14
\BOOKMARK [0][-]{chapter.2}{Model\040Estimation}{}% 15
\BOOKMARK [1][-]{section.2.1}{Prior}{chapter.2}% 16
\BOOKMARK [1][-]{section.2.2}{Full\040Conditional\040Likelihood\040of\040Augmented\040Data}{chapter.2}% 17
\BOOKMARK [1][-]{section.2.3}{State\040Augmentation}{chapter.2}% 18
\BOOKMARK [1][-]{section.2.4}{Parameter\040Update}{chapter.2}% 19
\BOOKMARK [1][-]{section.2.5}{Label\040Switching}{chapter.2}% 20
\BOOKMARK [1][-]{section.2.6}{Posterior\040Inference}{chapter.2}% 21
\BOOKMARK [1][-]{section.2.7}{Simulation}{chapter.2}% 22
\BOOKMARK [0][-]{chapter.3}{Model\040Identification}{}% 23
\BOOKMARK [1][-]{section.3.1}{The\040Literature\040Review}{chapter.3}% 24
\BOOKMARK [1][-]{section.3.2}{Sufficient\040Statistics\040of\040the\040LTP\040Model}{chapter.3}% 25
\BOOKMARK [1][-]{section.3.3}{Identification\040of\040the\040Learning\040Through\040Practice\040Model}{chapter.3}% 26
\BOOKMARK [1][-]{section.3.4}{Identification\040of\040the\040Bayesian\040Knowledge\040Tracing\040Model}{chapter.3}% 27
\BOOKMARK [0][-]{chapter.4}{Dynamic\040Selection\040Bias\040of\040Sample\040Attrition}{}% 28
\BOOKMARK [1][-]{section.4.1}{Introduction}{chapter.4}% 29
\BOOKMARK [1][-]{section.4.2}{Sample\040Attrition\040and\040Dynamic\040Selection\040Bias}{chapter.4}% 30
\BOOKMARK [1][-]{section.4.3}{Correct\040Dynamic\040Selection\040Bias}{chapter.4}% 31
\BOOKMARK [1][-]{section.4.4}{Case\040Study}{chapter.4}% 32
\BOOKMARK [0][-]{chapter.5}{Effort\040Choice\040and\040Efficacy\040Ranking}{}% 33
\BOOKMARK [1][-]{section*.6}{Introduction:\040Efficacy\040Vesus\040Effectiveness}{chapter.5}% 34
\BOOKMARK [1][-]{section.5.1}{Effort\040Choice\040in\040Randomized\040Control\040Trials}{chapter.5}% 35
\BOOKMARK [1][-]{section.5.2}{The\040LTP\040model}{chapter.5}% 36
\BOOKMARK [1][-]{section.5.3}{The\040Difference\040in\040Difference\040Estimator}{chapter.5}% 37
\BOOKMARK [1][-]{section.5.4}{Simulation\040Study}{chapter.5}% 38
\BOOKMARK [1][-]{section.5.5}{Case\040Study}{chapter.5}% 39
\BOOKMARK [0][-]{appendix.A}{Notation}{}% 40
\BOOKMARK [0][-]{appendix.B}{Simulation\040Parameters}{}% 41
\BOOKMARK [1][-]{section.B.1}{MCMC\040Algorithm\040Convergence\040Demo:\040Single\040Type}{appendix.B}% 42
\BOOKMARK [1][-]{section.B.2}{MCMC\040Algorithm\040Convergence\040Demo:\040Multiple\040Types}{appendix.B}% 43
\BOOKMARK [1][-]{section.B.3}{The\040Dynamic\040Selection\040Bias\040Demo}{appendix.B}% 44
\BOOKMARK [1][-]{section.B.4}{The\040Effort-induced\040Measurement\040Error\040Demo}{appendix.B}% 45
\BOOKMARK [0][-]{appendix.C}{Answer\040Classification}{}% 46
